# JRE version: Java(TM) SE Runtime Environment (8.0_60-b27) (build 1.8.0_60-b27)
# Java VM: Java HotSpot(TM) 64-Bit Server VM (25.60-b23 mixed mode windows-amd64 compressed oops)
Heap:
 PSYoungGen      total 591872K, used 15644K [0x000000078b300000, 0x00000007be700000, 0x00000007c0000000)
  eden space 364544K, 3% used [0x000000078b300000,0x000000078be6b018,0x00000007a1700000)
  from space 227328K, 1% used [0x00000007a1700000,0x00000007a1adc030,0x00000007af500000)
  to   space 215552K, 0% used [0x00000007b1480000,0x00000007b1480000,0x00000007be700000)
 ParOldGen       total 1072128K, used 1071937K [0x0000000721800000, 0x0000000762f00000, 0x000000078b300000)
  object space 1072128K, 99% used [0x0000000721800000,0x0000000762ed0538,0x0000000762f00000)
 Metaspace       used 137262K, capacity 150306K, committed 166232K, reserved 1193984K
  class space    used 17048K, capacity 18920K, committed 21336K, reserved 1048576K
GC Heap History (10 events):
Event: 30652.556 GC heap before
{Heap before GC invocations=113 (full 7):
 PSYoungGen      total 569856K, used 337739K [0x000000078b300000, 0x00000007bdf80000, 0x00000007c0000000)
  eden space 300544K, 100% used [0x000000078b300000,0x000000079d880000,0x000000079d880000)
  from space 269312K, 13% used [0x000000079d880000,0x000000079fcd2ce8,0x00000007adf80000)
  to   space 258560K, 0% used [0x00000007ae300000,0x00000007ae300000,0x00000007bdf80000)
 ParOldGen       total 1072128K, used 868083K [0x0000000721800000, 0x0000000762f00000, 0x000000078b300000)
  object space 1072128K, 80% used [0x0000000721800000,0x00000007567bccd8,0x0000000762f00000)
 Metaspace       used 137038K, capacity 150050K, committed 166232K, reserved 1193984K
  class space    used 17036K, capacity 18920K, committed 21336K, reserved 1048576K
Event: 30652.653 GC heap after
Heap after GC invocations=113 (full 7):
 PSYoungGen      total 574976K, used 49108K [0x000000078b300000, 0x00000007bd480000, 0x00000007c0000000)
  eden space 327680K, 0% used [0x000000078b300000,0x000000078b300000,0x000000079f300000)
  from space 247296K, 19% used [0x00000007ae300000,0x00000007b12f53f0,0x00000007bd480000)
  to   space 245760K, 0% used [0x000000079f300000,0x000000079f300000,0x00000007ae300000)
 ParOldGen       total 1072128K, used 902573K [0x0000000721800000, 0x0000000762f00000, 0x000000078b300000)
  object space 1072128K, 84% used [0x0000000721800000,0x000000075896b510,0x0000000762f00000)
 Metaspace       used 137038K, capacity 150050K, committed 166232K, reserved 1193984K
  class space    used 17036K, capacity 18920K, committed 21336K, reserved 1048576K
}
Event: 30653.210 GC heap before
{Heap before GC invocations=114 (full 7):
 PSYoungGen      total 574976K, used 376788K [0x000000078b300000, 0x00000007bd480000, 0x00000007c0000000)
  eden space 327680K, 100% used [0x000000078b300000,0x000000079f300000,0x000000079f300000)
  from space 247296K, 19% used [0x00000007ae300000,0x00000007b12f53f0,0x00000007bd480000)
  to   space 245760K, 0% used [0x000000079f300000,0x000000079f300000,0x00000007ae300000)
 ParOldGen       total 1072128K, used 902573K [0x0000000721800000, 0x0000000762f00000, 0x000000078b300000)
  object space 1072128K, 84% used [0x0000000721800000,0x000000075896b510,0x0000000762f00000)
 Metaspace       used 137053K, capacity 150050K, committed 166232K, reserved 1193984K
  class space    used 17036K, capacity 18920K, committed 21336K, reserved 1048576K
Event: 30653.302 GC heap after
Heap after GC invocations=114 (full 7):
 PSYoungGen      total 573440K, used 95047K [0x000000078b300000, 0x00000007bde80000, 0x00000007c0000000)
  eden space 327680K, 0% used [0x000000078b300000,0x000000078b300000,0x000000079f300000)
  from space 245760K, 38% used [0x000000079f300000,0x00000007a4fd1f40,0x00000007ae300000)
  to   space 235520K, 0% used [0x00000007af880000,0x00000007af880000,0x00000007bde80000)
 ParOldGen       total 1072128K, used 902573K [0x0000000721800000, 0x0000000762f00000, 0x000000078b300000)
  object space 1072128K, 84% used [0x0000000721800000,0x000000075896b510,0x0000000762f00000)
 Metaspace       used 137053K, capacity 150050K, committed 166232K, reserved 1193984K
  class space    used 17036K, capacity 18920K, committed 21336K, reserved 1048576K
}
Event: 30653.730 GC heap before
{Heap before GC invocations=115 (full 7):
 PSYoungGen      total 573440K, used 422727K [0x000000078b300000, 0x00000007bde80000, 0x00000007c0000000)
  eden space 327680K, 100% used [0x000000078b300000,0x000000079f300000,0x000000079f300000)
  from space 245760K, 38% used [0x000000079f300000,0x00000007a4fd1f40,0x00000007ae300000)
  to   space 235520K, 0% used [0x00000007af880000,0x00000007af880000,0x00000007bde80000)
 ParOldGen       total 1072128K, used 902573K [0x0000000721800000, 0x0000000762f00000, 0x000000078b300000)
  object space 1072128K, 84% used [0x0000000721800000,0x000000075896b510,0x0000000762f00000)
 Metaspace       used 137060K, capacity 150114K, committed 166232K, reserved 1193984K
  class space    used 17036K, capacity 18920K, committed 21336K, reserved 1048576K
Event: 30653.877 GC heap after
Heap after GC invocations=115 (full 7):
 PSYoungGen      total 588288K, used 97948K [0x000000078b300000, 0x00000007bd300000, 0x00000007c0000000)
  eden space 364544K, 0% used [0x000000078b300000,0x000000078b300000,0x00000007a1700000)
  from space 223744K, 43% used [0x00000007af880000,0x00000007b58270b8,0x00000007bd300000)
  to   space 227328K, 0% used [0x00000007a1700000,0x00000007a1700000,0x00000007af500000)
 ParOldGen       total 1072128K, used 949318K [0x0000000721800000, 0x0000000762f00000, 0x000000078b300000)
  object space 1072128K, 88% used [0x0000000721800000,0x000000075b711848,0x0000000762f00000)
 Metaspace       used 137060K, capacity 150114K, committed 166232K, reserved 1193984K
  class space    used 17036K, capacity 18920K, committed 21336K, reserved 1048576K
}
Event: 30654.483 GC heap before
{Heap before GC invocations=116 (full 7):
 PSYoungGen      total 588288K, used 462492K [0x000000078b300000, 0x00000007bd300000, 0x00000007c0000000)
  eden space 364544K, 100% used [0x000000078b300000,0x00000007a1700000,0x00000007a1700000)
  from space 223744K, 43% used [0x00000007af880000,0x00000007b58270b8,0x00000007bd300000)
  to   space 227328K, 0% used [0x00000007a1700000,0x00000007a1700000,0x00000007af500000)
 ParOldGen       total 1072128K, used 949318K [0x0000000721800000, 0x0000000762f00000, 0x000000078b300000)
  object space 1072128K, 88% used [0x0000000721800000,0x000000075b711848,0x0000000762f00000)
 Metaspace       used 137261K, capacity 150306K, committed 166232K, reserved 1193984K
  class space    used 17048K, capacity 18920K, committed 21336K, reserved 1048576K
Event: 30654.696 GC heap after
Heap after GC invocations=116 (full 7):
 PSYoungGen      total 591872K, used 62557K [0x000000078b300000, 0x00000007be700000, 0x00000007c0000000)
  eden space 364544K, 0% used [0x000000078b300000,0x000000078b300000,0x00000007a1700000)
  from space 227328K, 27% used [0x00000007a1700000,0x00000007a54177e0,0x00000007af500000)
  to   space 215552K, 0% used [0x00000007b1480000,0x00000007b1480000,0x00000007be700000)
 ParOldGen       total 1072128K, used 1045794K [0x0000000721800000, 0x0000000762f00000, 0x000000078b300000)
  object space 1072128K, 97% used [0x0000000721800000,0x0000000761548918,0x0000000762f00000)
 Metaspace       used 137261K, capacity 150306K, committed 166232K, reserved 1193984K
  class space    used 17048K, capacity 18920K, committed 21336K, reserved 1048576K
}
Event: 30654.696 GC heap before
{Heap before GC invocations=117 (full 8):
 PSYoungGen      total 591872K, used 62557K [0x000000078b300000, 0x00000007be700000, 0x00000007c0000000)
  eden space 364544K, 0% used [0x000000078b300000,0x000000078b300000,0x00000007a1700000)
  from space 227328K, 27% used [0x00000007a1700000,0x00000007a54177e0,0x00000007af500000)
  to   space 215552K, 0% used [0x00000007b1480000,0x00000007b1480000,0x00000007be700000)
 ParOldGen       total 1072128K, used 1045794K [0x0000000721800000, 0x0000000762f00000, 0x000000078b300000)
  object space 1072128K, 97% used [0x0000000721800000,0x0000000761548918,0x0000000762f00000)
 Metaspace       used 137261K, capacity 150306K, committed 166232K, reserved 1193984K
  class space    used 17048K, capacity 18920K, committed 21336K, reserved 1048576K
Event: 30661.132 GC heap after
Heap after GC invocations=117 (full 8):
 PSYoungGen      total 591872K, used 3952K [0x000000078b300000, 0x00000007be700000, 0x00000007c0000000)
  eden space 364544K, 0% used [0x000000078b300000,0x000000078b300000,0x00000007a1700000)
  from space 227328K, 1% used [0x00000007a1700000,0x00000007a1adc030,0x00000007af500000)
  to   space 215552K, 0% used [0x00000007b1480000,0x00000007b1480000,0x00000007be700000)
 ParOldGen       total 1072128K, used 1071937K [0x0000000721800000, 0x0000000762f00000, 0x000000078b300000)
  object space 1072128K, 99% used [0x0000000721800000,0x0000000762ed0538,0x0000000762f00000)
 Metaspace       used 137261K, capacity 150306K, committed 166232K, reserved 1193984K
  class space    used 17048K, capacity 18920K, committed 21336K, reserved 1048576K
}

